2026-02-09 11:54:32,522 - Bioreactor - INFO - Initializing Bioreactor...
2026-02-09 11:54:32,523 - Bioreactor - INFO - Initializing i2c...
2026-02-09 11:54:32,535 - Bioreactor.Components - INFO - I2C bus initialized
2026-02-09 11:54:32,535 - Bioreactor - INFO - i2c initialized successfully
2026-02-09 11:54:32,535 - Bioreactor - INFO - Initializing temp_sensor...
2026-02-09 11:54:32,548 - Bioreactor.Components - INFO - DS18B20 temperature sensors initialized (1 sensors)
2026-02-09 11:54:32,548 - Bioreactor - INFO - temp_sensor initialized successfully
2026-02-09 11:54:32,548 - Bioreactor - INFO - Initializing peltier_driver...
2026-02-09 11:54:32,548 - Bioreactor.Components - INFO - Peltier driver initialized (PWM pin 21, DIR pin 20, 1000 Hz)
2026-02-09 11:54:32,548 - Bioreactor - INFO - peltier_driver initialized successfully
2026-02-09 11:54:32,548 - Bioreactor - INFO - Initializing stirrer...
2026-02-09 11:54:32,548 - Bioreactor.Components - INFO - Stirrer driver initialized (PWM pin 12, 1000 Hz)
2026-02-09 11:54:32,548 - Bioreactor - INFO - Stirrer duty set to 30.0%
2026-02-09 11:54:32,548 - Bioreactor - INFO - stirrer initialized successfully
2026-02-09 11:54:32,548 - Bioreactor - INFO - Initializing led...
2026-02-09 11:54:32,548 - Bioreactor.Components - INFO - LED driver initialized (PWM pin 25, 500 Hz)
2026-02-09 11:54:32,548 - Bioreactor - INFO - led initialized successfully
2026-02-09 11:54:32,548 - Bioreactor - INFO - Initializing ring_light...
2026-02-09 11:54:32,756 - Bioreactor - INFO - Ring light initialized: 32 LEDs on /dev/spidev0.0
2026-02-09 11:54:32,858 - Bioreactor - INFO - Ring light turned off
2026-02-09 11:54:32,858 - Bioreactor.Components - INFO - Ring light initialized: 32 LEDs on /dev/spidev0.0 at 800kHz
2026-02-09 11:54:32,858 - Bioreactor - INFO - ring_light initialized successfully
2026-02-09 11:54:32,858 - Bioreactor - INFO - Initializing optical_density...
2026-02-09 11:54:32,870 - Bioreactor.Components - INFO - OD channel 135 initialized on A0
2026-02-09 11:54:32,870 - Bioreactor.Components - INFO - OD channel Ref initialized on A1
2026-02-09 11:54:32,870 - Bioreactor.Components - INFO - OD channel 90 initialized on A2
2026-02-09 11:54:32,870 - Bioreactor.Components - INFO - Optical density sensor initialized with 3 channels
2026-02-09 11:54:32,870 - Bioreactor - INFO - optical_density initialized successfully
2026-02-09 11:54:32,870 - Bioreactor - INFO - Initializing co2_sensor...
2026-02-09 11:54:32,875 - Bioreactor.Components - INFO - Atlas CO2 sensor device initialized at address 0x69
2026-02-09 11:54:32,875 - Bioreactor.Components - INFO - CO2 sensor initialized: type=atlas_i2c, address=0x69, bus=1
2026-02-09 11:54:32,875 - Bioreactor - INFO - co2_sensor initialized successfully
2026-02-09 11:54:32,875 - Bioreactor - INFO - Initializing o2_sensor...
2026-02-09 11:54:32,875 - Bioreactor.Components - INFO - Atlas O2 sensor device initialized at address 0x6C
2026-02-09 11:54:32,875 - Bioreactor.Components - INFO - O2 sensor (Atlas Scientific) initialized at I2C address 0x6C on bus 1
2026-02-09 11:54:32,875 - Bioreactor - INFO - o2_sensor initialized successfully
2026-02-09 11:54:32,876 - Bioreactor - INFO - Data logging to: bioreactor_data/bioreactor_data.csv
2026-02-09 11:54:32,876 - Bioreactor - INFO - Bioreactor initialization complete.
2026-02-09 11:54:32,876 - Bioreactor - INFO - Ring light initialization check: turning red for 2 seconds
2026-02-09 11:54:32,978 - Bioreactor - INFO - Ring light set to color (255, 0, 0)
2026-02-09 11:54:35,079 - Bioreactor - INFO - Ring light turned off
2026-02-09 11:54:35,079 - Bioreactor - INFO - Ring light initialization check complete
2026-02-09 11:54:35,080 - Bioreactor - INFO - Reading temperature from sensor 0
2026-02-09 11:54:35,080 - Bioreactor - INFO - Reading temperature from sensor 0
2026-02-09 11:54:35,080 - Bioreactor - INFO - Started 3 job threads.
2026-02-09 11:54:35,182 - Bioreactor - INFO - Ring light set to color (50, 50, 50)
2026-02-09 11:54:35,182 - Bioreactor - INFO - Ring light cycle started: turned ON with color=(50, 50, 50), will stay on for 60.0s
2026-02-09 11:54:35,872 - Bioreactor - INFO - Temperature: 22.625
2026-02-09 11:54:35,873 - Bioreactor - INFO - Peltier set to 28.5% duty, direction reverse
2026-02-09 11:54:35,874 - Bioreactor - INFO - Temperature PID: setpoint=25.00°C, current=22.62°C, error=2.38°C, output=28.54, duty=28.5%, direction=heat, integral=2.38
2026-02-09 11:54:36,672 - Bioreactor - INFO - Temperature: 22.625
2026-02-09 11:54:36,774 - Bioreactor - INFO - Ring light turned off
2026-02-09 11:54:36,774 - Bioreactor - INFO - Ring light turned off for OD measurement (dodging)
2026-02-09 11:54:36,774 - Bioreactor - INFO - LED power set to 15.0%
2026-02-09 11:54:38,305 - Bioreactor - INFO - LED turned off (0% power).
2026-02-09 11:54:38,407 - Bioreactor - INFO - Ring light set to color (50, 50, 50)
2026-02-09 11:54:38,407 - Bioreactor - INFO - Ring light restored to previous state: color=(50, 50, 50)
2026-02-09 11:54:38,407 - Bioreactor - INFO - OD measurement complete: 14 readings averaged, LED power 15.0%, duration 0.5s, channel 135, avg voltage: 0.0599V
2026-02-09 11:54:38,408 - Bioreactor - INFO - OD measurement complete: 14 readings averaged, LED power 15.0%, duration 0.5s, channel Ref, avg voltage: 0.6978V
2026-02-09 11:54:38,408 - Bioreactor - INFO - OD measurement complete: 14 readings averaged, LED power 15.0%, duration 0.5s, channel 90, avg voltage: 0.0495V
2026-02-09 11:54:40,080 - Bioreactor - INFO - Reading temperature from sensor 0
2026-02-09 11:54:40,901 - Bioreactor - INFO - Temperature: 22.625
2026-02-09 11:54:40,901 - Bioreactor - INFO - Peltier set to 28.7% duty, direction reverse
2026-02-09 11:54:40,901 - Bioreactor - INFO - Temperature PID: setpoint=25.00°C, current=22.62°C, error=2.38°C, output=28.71, duty=28.7%, direction=heat, integral=14.25
2026-02-09 11:54:41,419 - Bioreactor - INFO - Sensor readings - Temp: 22.62°C, OD 135: 0.0599V, OD Ref: 0.6978V, OD 90: 0.0495V, CO2: 593 ppm, O2: 17.89%, Peltier: 28.7% rev, Ring: (50,50,50)
2026-02-09 11:54:45,080 - Bioreactor - INFO - Reading temperature from sensor 0
2026-02-09 11:54:45,888 - Bioreactor - INFO - Temperature: 22.625
2026-02-09 11:54:45,888 - Bioreactor - INFO - Peltier set to 28.9% duty, direction reverse
2026-02-09 11:54:45,889 - Bioreactor - INFO - Temperature PID: setpoint=25.00°C, current=22.62°C, error=2.38°C, output=28.89, duty=28.9%, direction=heat, integral=26.13
2026-02-09 11:54:50,080 - Bioreactor - INFO - Reading temperature from sensor 0
2026-02-09 11:54:50,880 - Bioreactor - INFO - Temperature: 22.625
2026-02-09 11:54:50,880 - Bioreactor - INFO - Peltier set to 29.1% duty, direction reverse
2026-02-09 11:54:50,881 - Bioreactor - INFO - Temperature PID: setpoint=25.00°C, current=22.62°C, error=2.38°C, output=29.07, duty=29.1%, direction=heat, integral=38.00
2026-02-09 11:54:55,080 - Bioreactor - INFO - Reading temperature from sensor 0
2026-02-09 11:54:55,083 - Bioreactor - INFO - Reading temperature from sensor 0
2026-02-09 11:54:55,872 - Bioreactor - INFO - Temperature: 22.687
2026-02-09 11:54:55,974 - Bioreactor - INFO - Ring light turned off
2026-02-09 11:54:55,974 - Bioreactor - INFO - Ring light turned off for OD measurement (dodging)
2026-02-09 11:54:55,974 - Bioreactor - INFO - LED power set to 15.0%
2026-02-09 11:54:56,672 - Bioreactor - INFO - Temperature: 22.687
2026-02-09 11:54:56,672 - Bioreactor - INFO - Peltier set to 28.5% duty, direction reverse
2026-02-09 11:54:56,673 - Bioreactor - INFO - Temperature PID: setpoint=25.00°C, current=22.69°C, error=2.31°C, output=28.50, duty=28.5%, direction=heat, integral=49.57
2026-02-09 11:54:57,506 - Bioreactor - INFO - LED turned off (0% power).
2026-02-09 11:54:57,609 - Bioreactor - INFO - Ring light set to color (50, 50, 50)
2026-02-09 11:54:57,610 - Bioreactor - INFO - Ring light restored to previous state: color=(50, 50, 50)
2026-02-09 11:54:57,610 - Bioreactor - INFO - OD measurement complete: 14 readings averaged, LED power 15.0%, duration 0.5s, channel 135, avg voltage: 0.0602V
2026-02-09 11:54:57,610 - Bioreactor - INFO - OD measurement complete: 14 readings averaged, LED power 15.0%, duration 0.5s, channel Ref, avg voltage: 0.6551V
2026-02-09 11:54:57,610 - Bioreactor - INFO - OD measurement complete: 14 readings averaged, LED power 15.0%, duration 0.5s, channel 90, avg voltage: 0.0495V
2026-02-09 11:55:00,083 - Bioreactor - INFO - Reading temperature from sensor 0
2026-02-09 11:55:00,617 - Bioreactor - INFO - Sensor readings - Temp: 22.69°C, OD 135: 0.0602V, OD Ref: 0.6551V, OD 90: 0.0495V, CO2: 591 ppm, O2: 18.16%, Peltier: 28.5% rev, Ring: (50,50,50)
2026-02-09 11:55:00,896 - Bioreactor - INFO - Temperature: 22.75
2026-02-09 11:55:00,897 - Bioreactor - INFO - Peltier set to 27.9% duty, direction reverse
2026-02-09 11:55:00,897 - Bioreactor - INFO - Temperature PID: setpoint=25.00°C, current=22.75°C, error=2.25°C, output=27.91, duty=27.9%, direction=heat, integral=60.82
2026-02-09 11:55:05,083 - Bioreactor - INFO - Reading temperature from sensor 0
2026-02-09 11:55:05,913 - Bioreactor - INFO - Temperature: 22.812
2026-02-09 11:55:05,913 - Bioreactor - INFO - Peltier set to 27.3% duty, direction reverse
2026-02-09 11:55:05,913 - Bioreactor - INFO - Temperature PID: setpoint=25.00°C, current=22.81°C, error=2.19°C, output=27.33, duty=27.3%, direction=heat, integral=71.76
2026-02-09 11:55:10,083 - Bioreactor - INFO - Reading temperature from sensor 0
2026-02-09 11:55:10,880 - Bioreactor - INFO - Temperature: 22.937
2026-02-09 11:55:10,883 - Bioreactor - INFO - Peltier set to 26.0% duty, direction reverse
2026-02-09 11:55:10,883 - Bioreactor - INFO - Temperature PID: setpoint=25.00°C, current=22.94°C, error=2.06°C, output=25.99, duty=26.0%, direction=heat, integral=82.08
2026-02-09 11:55:15,080 - Bioreactor - INFO - Reading temperature from sensor 0
2026-02-09 11:55:15,083 - Bioreactor - INFO - Reading temperature from sensor 0
2026-02-09 11:55:15,872 - Bioreactor - INFO - Temperature: 23.062
2026-02-09 11:55:15,976 - Bioreactor - INFO - Ring light turned off
2026-02-09 11:55:15,978 - Bioreactor - INFO - Ring light turned off for OD measurement (dodging)
2026-02-09 11:55:15,978 - Bioreactor - INFO - LED power set to 15.0%
2026-02-09 11:55:16,692 - Bioreactor - INFO - Temperature: 23.125
2026-02-09 11:55:16,694 - Bioreactor - INFO - Peltier set to 23.9% duty, direction reverse
2026-02-09 11:55:16,694 - Bioreactor - INFO - Temperature PID: setpoint=25.00°C, current=23.12°C, error=1.88°C, output=23.87, duty=23.9%, direction=heat, integral=91.45
2026-02-09 11:55:17,486 - Bioreactor - INFO - LED turned off (0% power).
2026-02-09 11:55:17,587 - Bioreactor - INFO - Ring light set to color (50, 50, 50)
2026-02-09 11:55:17,588 - Bioreactor - INFO - Ring light restored to previous state: color=(50, 50, 50)
2026-02-09 11:55:17,588 - Bioreactor - INFO - OD measurement complete: 13 readings averaged, LED power 15.0%, duration 0.5s, channel 135, avg voltage: 0.0595V
2026-02-09 11:55:17,588 - Bioreactor - INFO - OD measurement complete: 13 readings averaged, LED power 15.0%, duration 0.5s, channel Ref, avg voltage: 0.6664V
2026-02-09 11:55:17,588 - Bioreactor - INFO - OD measurement complete: 13 readings averaged, LED power 15.0%, duration 0.5s, channel 90, avg voltage: 0.0489V
2026-02-09 11:55:20,083 - Bioreactor - INFO - Reading temperature from sensor 0
2026-02-09 11:55:20,595 - Bioreactor - INFO - Sensor readings - Temp: 23.06°C, OD 135: 0.0595V, OD Ref: 0.6664V, OD 90: 0.0489V, CO2: 602 ppm, O2: 18.15%, Peltier: 23.9% rev, Ring: (50,50,50)
2026-02-09 11:55:20,896 - Bioreactor - INFO - Temperature: 23.187
2026-02-09 11:55:20,896 - Bioreactor - INFO - Peltier set to 23.3% duty, direction reverse
2026-02-09 11:55:20,896 - Bioreactor - INFO - Temperature PID: setpoint=25.00°C, current=23.19°C, error=1.81°C, output=23.26, duty=23.3%, direction=heat, integral=100.52
2026-02-09 11:55:25,083 - Bioreactor - INFO - Reading temperature from sensor 0
2026-02-09 11:55:25,908 - Bioreactor - INFO - Temperature: 23.375
2026-02-09 11:55:25,908 - Bioreactor - INFO - Peltier set to 21.1% duty, direction reverse
2026-02-09 11:55:25,909 - Bioreactor - INFO - Temperature PID: setpoint=25.00°C, current=23.38°C, error=1.62°C, output=21.13, duty=21.1%, direction=heat, integral=108.64
2026-02-09 11:55:30,083 - Bioreactor - INFO - Reading temperature from sensor 0
2026-02-09 11:55:30,884 - Bioreactor - INFO - Temperature: 23.562
2026-02-09 11:55:30,885 - Bioreactor - INFO - Peltier set to 19.0% duty, direction reverse
2026-02-09 11:55:30,885 - Bioreactor - INFO - Temperature PID: setpoint=25.00°C, current=23.56°C, error=1.44°C, output=18.99, duty=19.0%, direction=heat, integral=115.83
2026-02-09 11:55:34,187 - Bioreactor - INFO - Cleaning up Bioreactor...
2026-02-09 11:55:34,189 - Bioreactor - INFO - Stop event set for all threads.
2026-02-09 11:55:34,189 - Bioreactor - INFO - Data file closed.
2026-02-09 11:55:34,190 - Bioreactor - INFO - Peltier PWM stopped.
2026-02-09 11:55:34,190 - Bioreactor - INFO - Stirrer stopped (0% duty).
2026-02-09 11:55:34,291 - Bioreactor - INFO - Ring light turned off
2026-02-09 11:55:34,291 - Bioreactor - INFO - Bioreactor cleanup complete.
2026-02-09 11:55:34,294 - Bioreactor - INFO - Cleaning up Bioreactor...
2026-02-09 11:55:34,294 - Bioreactor - INFO - Stop event set for all threads.
2026-02-09 11:55:34,294 - Bioreactor - INFO - Data file closed.
2026-02-09 11:55:34,294 - Bioreactor - INFO - Peltier PWM stopped.
2026-02-09 11:55:34,294 - Bioreactor - INFO - Stirrer stopped (0% duty).
2026-02-09 11:55:34,396 - Bioreactor - INFO - Ring light turned off
2026-02-09 11:55:34,396 - Bioreactor - INFO - Bioreactor cleanup complete.
